<!DOCTYPE html>
<html>
<head>
<meta http-equiv="Content-Type" content="text/html; charset=utf-8"/>
<meta http-equiv="x-ua-compatible" content="IE=edge"/>
<title>Test results - FileUploadTests</title>
<link href="../css/base-style.css" rel="stylesheet" type="text/css"/>
<link href="../css/style.css" rel="stylesheet" type="text/css"/>
<script src="../js/report.js" type="text/javascript"></script>
</head>
<body>
<div id="content">
<h1>FileUploadTests</h1>
<div class="breadcrumbs">
<a href="../index.html">all</a> &gt; 
<a href="../packages/com.example.uploadingfilesapplication.html">com.example.uploadingfilesapplication</a> &gt; FileUploadTests</div>
<div id="summary">
<table>
<tr>
<td>
<div class="summaryGroup">
<table>
<tr>
<td>
<div class="infoBox" id="tests">
<div class="counter">3</div>
<p>tests</p>
</div>
</td>
<td>
<div class="infoBox" id="failures">
<div class="counter">2</div>
<p>failures</p>
</div>
</td>
<td>
<div class="infoBox" id="ignored">
<div class="counter">0</div>
<p>ignored</p>
</div>
</td>
<td>
<div class="infoBox" id="duration">
<div class="counter">2.087s</div>
<p>duration</p>
</div>
</td>
</tr>
</table>
</div>
</td>
<td>
<div class="infoBox failures" id="successRate">
<div class="percent">33%</div>
<p>successful</p>
</div>
</td>
</tr>
</table>
</div>
<div id="tabs">
<ul class="tabLinks">
<li>
<a href="#tab0">Failed tests</a>
</li>
<li>
<a href="#tab1">Tests</a>
</li>
<li>
<a href="#tab2">Standard output</a>
</li>
</ul>
<div id="tab0" class="tab">
<h2>Failed tests</h2>
<div class="test">
<a name="should404WhenMissingFile()"></a>
<h3 class="failures">should404WhenMissingFile()</h3>
<span class="code">
<pre>java.lang.AssertionError: Status expected:&lt;404&gt; but was:&lt;500&gt;
	at org.springframework.test.util.AssertionErrors.fail(AssertionErrors.java:59)
	at org.springframework.test.util.AssertionErrors.assertEquals(AssertionErrors.java:122)
	at org.springframework.test.web.servlet.result.StatusResultMatchers.lambda$matcher$9(StatusResultMatchers.java:637)
	at org.springframework.test.web.servlet.MockMvc$1.andExpect(MockMvc.java:214)
	at com.example.uploadingfilesapplication.FileUploadTests.should404WhenMissingFile(FileUploadTests.java:64)
	at java.base/java.lang.reflect.Method.invoke(Method.java:568)
	at java.base/java.util.ArrayList.forEach(ArrayList.java:1511)
	at java.base/java.util.ArrayList.forEach(ArrayList.java:1511)
</pre>
</span>
</div>
<div class="test">
<a name="shouldListAllFiles()"></a>
<h3 class="failures">shouldListAllFiles()</h3>
<span class="code">
<pre>java.lang.AssertionError: Model attribute 'files'
Expected: iterable containing [&quot;http://localhost/files/first.txt&quot;, &quot;http://localhost/files/second.txt&quot;]
     but: item 0: was &quot;http://localhost/files/%7Bfilename:.+%7D&quot;
	at org.hamcrest.MatcherAssert.assertThat(MatcherAssert.java:20)
	at org.springframework.test.web.servlet.result.ModelResultMatchers.lambda$attribute$0(ModelResultMatchers.java:64)
	at org.springframework.test.web.servlet.MockMvc$1.andExpect(MockMvc.java:214)
	at com.example.uploadingfilesapplication.FileUploadTests.shouldListAllFiles(FileUploadTests.java:42)
	at java.base/java.lang.reflect.Method.invoke(Method.java:568)
	at java.base/java.util.ArrayList.forEach(ArrayList.java:1511)
	at java.base/java.util.ArrayList.forEach(ArrayList.java:1511)
</pre>
</span>
</div>
</div>
<div id="tab1" class="tab">
<h2>Tests</h2>
<table>
<thead>
<tr>
<th>Test</th>
<th>Duration</th>
<th>Result</th>
</tr>
</thead>
<tr>
<td class="failures">should404WhenMissingFile()</td>
<td class="failures">0.119s</td>
<td class="failures">failed</td>
</tr>
<tr>
<td class="failures">shouldListAllFiles()</td>
<td class="failures">1.533s</td>
<td class="failures">failed</td>
</tr>
<tr>
<td class="success">shouldSaveUploadedFile()</td>
<td class="success">0.435s</td>
<td class="success">passed</td>
</tr>
</table>
</div>
<div id="tab2" class="tab">
<h2>Standard output</h2>
<span class="code">
<pre>01:03:39.198 [Test worker] INFO org.springframework.test.context.support.AnnotationConfigContextLoaderUtils -- Could not detect default configuration classes for test class [com.example.uploadingfilesapplication.FileUploadTests]: FileUploadTests does not declare any static, non-private, non-final, nested classes annotated with @Configuration.
01:03:39.502 [Test worker] INFO org.springframework.boot.test.context.SpringBootTestContextBootstrapper -- Found @SpringBootConfiguration com.example.uploadingfilesapplication.UploadingFilesApplication for test class com.example.uploadingfilesapplication.FileUploadTests

  .   ____          _            __ _ _
 /\\ / ___'_ __ _ _(_)_ __  __ _ \ \ \ \
( ( )\___ | '_ | '_| | '_ \/ _` | \ \ \ \
 \\/  ___)| |_)| | | | | || (_| |  ) ) ) )
  '  |____| .__|_| |_|_| |_\__, | / / / /
 =========|_|==============|___/=/_/_/_/

 :: Spring Boot ::                (v3.3.4)

2024-11-03T01:03:40.757-05:00  INFO 22508 --- [UploadingFilesApplication] [    Test worker] c.e.u.FileUploadTests                    : Starting FileUploadTests using Java 17.0.6 with PID 22508 (started by sivaraj in C:\SpringPractice\UploadingFilesApplication)
2024-11-03T01:03:40.760-05:00  INFO 22508 --- [UploadingFilesApplication] [    Test worker] c.e.u.FileUploadTests                    : No active profile set, falling back to 1 default profile: &quot;default&quot;
2024-11-03T01:03:48.938-05:00  INFO 22508 --- [UploadingFilesApplication] [    Test worker] o.s.b.t.m.w.SpringBootMockServletContext : Initializing Spring TestDispatcherServlet ''
2024-11-03T01:03:48.939-05:00  INFO 22508 --- [UploadingFilesApplication] [    Test worker] o.s.t.web.servlet.TestDispatcherServlet  : Initializing Servlet ''
2024-11-03T01:03:48.945-05:00  INFO 22508 --- [UploadingFilesApplication] [    Test worker] o.s.t.web.servlet.TestDispatcherServlet  : Completed initialization in 1 ms
2024-11-03T01:03:49.021-05:00  INFO 22508 --- [UploadingFilesApplication] [    Test worker] c.e.u.FileUploadTests                    : Started FileUploadTests in 8.975 seconds (process running for 18.829)
2024-11-03T01:03:49.676-05:00  WARN 22508 --- [UploadingFilesApplication] [    Test worker] .w.s.m.s.DefaultHandlerExceptionResolver : Resolved [org.springframework.web.bind.MissingPathVariableException: Required URI template variable 'fileName' for method parameter type String is not present]

MockHttpServletRequest:
      HTTP Method = GET
      Request URI = /files/test.txt
       Parameters = {}
          Headers = []
             Body = null
    Session Attrs = {}

Handler:
             Type = com.example.uploadingfilesapplication.controller.FileUploadController
           Method = com.example.uploadingfilesapplication.controller.FileUploadController#serveFile(String)

Async:
    Async started = false
     Async result = null

Resolved Exception:
             Type = org.springframework.web.bind.MissingPathVariableException

ModelAndView:
        View name = null
             View = null
            Model = null

FlashMap:
       Attributes = null

MockHttpServletResponse:
           Status = 500
    Error message = Required path variable 'fileName' is not present.
          Headers = []
     Content type = null
             Body = 
    Forwarded URL = null
   Redirected URL = null
          Cookies = []

MockHttpServletRequest:
      HTTP Method = GET
      Request URI = /
       Parameters = {}
          Headers = []
             Body = null
    Session Attrs = {}

Handler:
             Type = com.example.uploadingfilesapplication.controller.FileUploadController
           Method = com.example.uploadingfilesapplication.controller.FileUploadController#listUploadedFiles(Model)

Async:
    Async started = false
     Async result = null

Resolved Exception:
             Type = null

ModelAndView:
        View name = uploadForm
             View = null
        Attribute = files
            value = [http://localhost/files/%7Bfilename:.+%7D, http://localhost/files/%7Bfilename:.+%7D]

FlashMap:
       Attributes = null

MockHttpServletResponse:
           Status = 200
    Error message = null
          Headers = [Content-Language:&quot;en&quot;, Content-Type:&quot;text/html;charset=UTF-8&quot;]
     Content type = text/html;charset=UTF-8
             Body = &lt;html&gt;
&lt;body&gt;



&lt;div&gt;
    &lt;form method=&quot;POST&quot; enctype=&quot;multipart/form-data&quot; action=&quot;/&quot;&gt;
        &lt;table&gt;
            &lt;tr&gt;&lt;td&gt;File to upload:&lt;/td&gt;&lt;td&gt;&lt;input type=&quot;file&quot; name=&quot;file&quot; /&gt;&lt;/td&gt;&lt;/tr&gt;
            &lt;tr&gt;&lt;td&gt;&lt;/td&gt;&lt;td&gt;&lt;input type=&quot;submit&quot; value=&quot;Upload&quot; /&gt;&lt;/td&gt;&lt;/tr&gt;
        &lt;/table&gt;
    &lt;/form&gt;
&lt;/div&gt;

&lt;div&gt;
    &lt;ul&gt;
        &lt;li&gt;
            &lt;a href=&quot;http://localhost/files/%7Bfilename:.+%7D&quot; &gt;http://localhost/files/%7Bfilename:.+%7D&lt;/a&gt;
        &lt;/li&gt;
        &lt;li&gt;
            &lt;a href=&quot;http://localhost/files/%7Bfilename:.+%7D&quot; &gt;http://localhost/files/%7Bfilename:.+%7D&lt;/a&gt;
        &lt;/li&gt;
    &lt;/ul&gt;
&lt;/div&gt;

&lt;/body&gt;
&lt;/html&gt;

    Forwarded URL = null
   Redirected URL = null
          Cookies = []
</pre>
</span>
</div>
</div>
<div id="footer">
<p>
<div>
<label class="hidden" id="label-for-line-wrapping-toggle" for="line-wrapping-toggle">Wrap lines
<input id="line-wrapping-toggle" type="checkbox" autocomplete="off"/>
</label>
</div>Generated by 
<a href="http://www.gradle.org">Gradle 8.10.2</a> at Nov 3, 2024, 1:03:51 AM</p>
</div>
</div>
</body>
</html>
